  Main.cpp
  ArtFerreteria.cpp
  Articulo.cpp
  Banyo.cpp
C:\Users\Luis\Desktop\Facu stefan\Labo de programacion 1\G11-Rach-Taco-TP\Tp2\Model\Banyo.cpp(43,5): error C2561: 'get_ProductoBanyo': function must return a value
C:\Users\Luis\Desktop\Facu stefan\Labo de programacion 1\G11-Rach-Taco-TP\Tp2\Model\Banyo.cpp(42): message : see declaration of 'get_ProductoBanyo'
  Bazar.cpp
  Cerrajeria.cpp
C:\Users\Luis\Desktop\Facu stefan\Labo de programacion 1\G11-Rach-Taco-TP\Tp2\Model\Cerrajeria.cpp(18,20): error C2146: syntax error: missing ')' before identifier 'TipoDellave'
C:\Users\Luis\Desktop\Facu stefan\Labo de programacion 1\G11-Rach-Taco-TP\Tp2\Model\Cerrajeria.cpp(18,13): error C2512: 'Cerrajeria': no appropriate default constructor available
C:\Users\Luis\Desktop\Facu stefan\Labo de programacion 1\G11-Rach-Taco-TP\Tp2\Model\Cerrajeria.h(12,7): message : see declaration of 'Cerrajeria'
C:\Users\Luis\Desktop\Facu stefan\Labo de programacion 1\G11-Rach-Taco-TP\Tp2\Model\Cerrajeria.cpp(18,20): error C2146: syntax error: missing ';' before identifier 'TipoDellave'
C:\Users\Luis\Desktop\Facu stefan\Labo de programacion 1\G11-Rach-Taco-TP\Tp2\Model\Cerrajeria.cpp(18,31): error C4430: missing type specifier - int assumed. Note: C++ does not support default-int
C:\Users\Luis\Desktop\Facu stefan\Labo de programacion 1\G11-Rach-Taco-TP\Tp2\Model\Cerrajeria.cpp(18,33): error C2062: type 'bool' unexpected
C:\Users\Luis\Desktop\Facu stefan\Labo de programacion 1\G11-Rach-Taco-TP\Tp2\Model\Cerrajeria.cpp(18,122): error C2059: syntax error: ')'
C:\Users\Luis\Desktop\Facu stefan\Labo de programacion 1\G11-Rach-Taco-TP\Tp2\Model\Cerrajeria.cpp(18,140): error C2143: syntax error: missing ')' before ','
C:\Users\Luis\Desktop\Facu stefan\Labo de programacion 1\G11-Rach-Taco-TP\Tp2\Model\Cerrajeria.cpp(18,134): error C2512: 'Articulo': no appropriate default constructor available
C:\Users\Luis\Desktop\Facu stefan\Labo de programacion 1\G11-Rach-Taco-TP\Tp2\Model\Articulo.h(16,7): message : see declaration of 'Articulo'
C:\Users\Luis\Desktop\Facu stefan\Labo de programacion 1\G11-Rach-Taco-TP\Tp2\Model\Cerrajeria.cpp(18,142): error C2512: 'Articulo': no appropriate default constructor available
C:\Users\Luis\Desktop\Facu stefan\Labo de programacion 1\G11-Rach-Taco-TP\Tp2\Model\Articulo.h(16,7): message : see declaration of 'Articulo'
C:\Users\Luis\Desktop\Facu stefan\Labo de programacion 1\G11-Rach-Taco-TP\Tp2\Model\Cerrajeria.cpp(18,150): error C2512: 'Articulo': no appropriate default constructor available
C:\Users\Luis\Desktop\Facu stefan\Labo de programacion 1\G11-Rach-Taco-TP\Tp2\Model\Articulo.h(16,7): message : see declaration of 'Articulo'
C:\Users\Luis\Desktop\Facu stefan\Labo de programacion 1\G11-Rach-Taco-TP\Tp2\Model\Cerrajeria.cpp(18,166): error C2512: 'Articulo': no appropriate default constructor available
C:\Users\Luis\Desktop\Facu stefan\Labo de programacion 1\G11-Rach-Taco-TP\Tp2\Model\Articulo.h(16,7): message : see declaration of 'Articulo'
C:\Users\Luis\Desktop\Facu stefan\Labo de programacion 1\G11-Rach-Taco-TP\Tp2\Model\Cerrajeria.cpp(18,187): error C2059: syntax error: ')'
C:\Users\Luis\Desktop\Facu stefan\Labo de programacion 1\G11-Rach-Taco-TP\Tp2\Model\Cerrajeria.cpp(19,6): error C2355: 'this': can only be referenced inside non-static member functions or non-static data member initializers
C:\Users\Luis\Desktop\Facu stefan\Labo de programacion 1\G11-Rach-Taco-TP\Tp2\Model\Cerrajeria.cpp(19,25): error C2059: syntax error: ';'
C:\Users\Luis\Desktop\Facu stefan\Labo de programacion 1\G11-Rach-Taco-TP\Tp2\Model\Cerrajeria.cpp(20,6): error C2059: syntax error: 'this'
C:\Users\Luis\Desktop\Facu stefan\Labo de programacion 1\G11-Rach-Taco-TP\Tp2\Model\Cerrajeria.cpp(21,6): error C2059: syntax error: 'this'
C:\Users\Luis\Desktop\Facu stefan\Labo de programacion 1\G11-Rach-Taco-TP\Tp2\Model\Cerrajeria.cpp(22,6): error C2059: syntax error: 'this'
C:\Users\Luis\Desktop\Facu stefan\Labo de programacion 1\G11-Rach-Taco-TP\Tp2\Model\Cerrajeria.cpp(24,1): error C2059: syntax error: '}'
C:\Users\Luis\Desktop\Facu stefan\Labo de programacion 1\G11-Rach-Taco-TP\Tp2\Model\Cerrajeria.cpp(24,1): error C2143: syntax error: missing ';' before '}'
C:\Users\Luis\Desktop\Facu stefan\Labo de programacion 1\G11-Rach-Taco-TP\Tp2\Model\Cerrajeria.cpp(29,38): error C2143: syntax error: missing ';' before '{'
C:\Users\Luis\Desktop\Facu stefan\Labo de programacion 1\G11-Rach-Taco-TP\Tp2\Model\Cerrajeria.cpp(29,38): error C2447: '{': missing function header (old-style formal list?)
C:\Users\Luis\Desktop\Facu stefan\Labo de programacion 1\G11-Rach-Taco-TP\Tp2\Model\Cerrajeria.cpp(43,8): error C2872: 'string': ambiguous symbol
C:\Users\Luis\Desktop\Facu stefan\Labo de programacion 1\G11-Rach-Taco-TP\Tp2\Model\Cerrajeria.cpp(18,13): message : could be 'Cerrajeria string'
C:\Program Files\Microsoft Visual Studio\2022\Community\VC\Tools\MSVC\14.31.31103\include\xstring(4927,7): message : or       'std::string'
C:\Users\Luis\Desktop\Facu stefan\Labo de programacion 1\G11-Rach-Taco-TP\Tp2\Model\Cerrajeria.cpp(43,20): error C2143: syntax error: missing ';' before 'Cerrajeria::get_ProductoCerrajeria'
C:\Users\Luis\Desktop\Facu stefan\Labo de programacion 1\G11-Rach-Taco-TP\Tp2\Model\Cerrajeria.cpp(43,42): error C4430: missing type specifier - int assumed. Note: C++ does not support default-int
C:\Users\Luis\Desktop\Facu stefan\Labo de programacion 1\G11-Rach-Taco-TP\Tp2\Model\Cerrajeria.cpp(43,1): error C2371: 'string': redefinition; different basic types
C:\Users\Luis\Desktop\Facu stefan\Labo de programacion 1\G11-Rach-Taco-TP\Tp2\Model\Cerrajeria.cpp(18): message : see declaration of 'string'
C:\Users\Luis\Desktop\Facu stefan\Labo de programacion 1\G11-Rach-Taco-TP\Tp2\Model\Cerrajeria.cpp(43,45): error C4430: missing type specifier - int assumed. Note: C++ does not support default-int
C:\Users\Luis\Desktop\Facu stefan\Labo de programacion 1\G11-Rach-Taco-TP\Tp2\Model\Cerrajeria.cpp(43,45): error C2556: 'int Cerrajeria::get_ProductoCerrajeria(void)': overloaded function differs only by return type from 'std::string Cerrajeria::get_ProductoCerrajeria(void)'
C:\Users\Luis\Desktop\Facu stefan\Labo de programacion 1\G11-Rach-Taco-TP\Tp2\Model\Cerrajeria.h(22): message : see declaration of 'Cerrajeria::get_ProductoCerrajeria'
C:\Users\Luis\Desktop\Facu stefan\Labo de programacion 1\G11-Rach-Taco-TP\Tp2\Model\Cerrajeria.cpp(43,20): error C2371: 'Cerrajeria::get_ProductoCerrajeria': redefinition; different basic types
C:\Users\Luis\Desktop\Facu stefan\Labo de programacion 1\G11-Rach-Taco-TP\Tp2\Model\Cerrajeria.h(22): message : see declaration of 'Cerrajeria::get_ProductoCerrajeria'
  Cerrajero.cpp
C:\Users\Luis\Desktop\Facu stefan\Labo de programacion 1\G11-Rach-Taco-TP\Tp2\Model\Clientes.h(57,4): error C2143: syntax error: missing ';' before '<'
C:\Users\Luis\Desktop\Facu stefan\Labo de programacion 1\G11-Rach-Taco-TP\Tp2\Model\Clientes.h(57,4): error C4430: missing type specifier - int assumed. Note: C++ does not support default-int
C:\Users\Luis\Desktop\Facu stefan\Labo de programacion 1\G11-Rach-Taco-TP\Tp2\Model\Clientes.h(57,65): error C2238: unexpected token(s) preceding ';'
C:\Users\Luis\Desktop\Facu stefan\Labo de programacion 1\G11-Rach-Taco-TP\Tp2\Model\Empleado.h(37,1): error C2059: syntax error: '}'
C:\Users\Luis\Desktop\Facu stefan\Labo de programacion 1\G11-Rach-Taco-TP\Tp2\Model\Empleado.h(37,1): error C2143: syntax error: missing ';' before '}'
C:\Users\Luis\Desktop\Facu stefan\Labo de programacion 1\G11-Rach-Taco-TP\Tp2\Model\Cerrajero.cpp(27,28): error C2248: 'Clientes::~Clientes': cannot access protected member declared in class 'Clientes'
C:\Users\Luis\Desktop\Facu stefan\Labo de programacion 1\G11-Rach-Taco-TP\Tp2\Model\Clientes.h(60): message : see declaration of 'Clientes::~Clientes'
C:\Users\Luis\Desktop\Facu stefan\Labo de programacion 1\G11-Rach-Taco-TP\Tp2\Model\Clientes.h(19): message : see declaration of 'Clientes'
  Clientes.cpp
C:\Users\Luis\Desktop\Facu stefan\Labo de programacion 1\G11-Rach-Taco-TP\Tp2\Model\Empleado.h(37,1): error C2059: syntax error: '}'
C:\Users\Luis\Desktop\Facu stefan\Labo de programacion 1\G11-Rach-Taco-TP\Tp2\Model\Empleado.h(37,1): error C2143: syntax error: missing ';' before '}'
C:\Users\Luis\Desktop\Facu stefan\Labo de programacion 1\G11-Rach-Taco-TP\Tp2\Model\Clientes.h(57,4): error C2143: syntax error: missing ';' before '<'
C:\Users\Luis\Desktop\Facu stefan\Labo de programacion 1\G11-Rach-Taco-TP\Tp2\Model\Clientes.h(57,4): error C4430: missing type specifier - int assumed. Note: C++ does not support default-int
C:\Users\Luis\Desktop\Facu stefan\Labo de programacion 1\G11-Rach-Taco-TP\Tp2\Model\Clientes.h(57,65): error C2238: unexpected token(s) preceding ';'
C:\Users\Luis\Desktop\Facu stefan\Labo de programacion 1\G11-Rach-Taco-TP\Tp2\Model\Clientes.cpp(30,39): error C2248: 'Articulo::~Articulo': cannot access protected member declared in class 'Articulo'
C:\Users\Luis\Desktop\Facu stefan\Labo de programacion 1\G11-Rach-Taco-TP\Tp2\Model\Articulo.h(48): message : see declaration of 'Articulo::~Articulo'
C:\Users\Luis\Desktop\Facu stefan\Labo de programacion 1\G11-Rach-Taco-TP\Tp2\Model\Articulo.h(16): message : see declaration of 'Articulo'
C:\Users\Luis\Desktop\Facu stefan\Labo de programacion 1\G11-Rach-Taco-TP\Tp2\Model\Clientes.cpp(31,5): error C2561: 'Clientes::cambiar': function must return a value
C:\Users\Luis\Desktop\Facu stefan\Labo de programacion 1\G11-Rach-Taco-TP\Tp2\Model\Clientes.cpp(30): message : see declaration of 'Clientes::cambiar'
C:\Users\Luis\Desktop\Facu stefan\Labo de programacion 1\G11-Rach-Taco-TP\Tp2\Model\Clientes.cpp(76,55): error C2248: 'Articulo::~Articulo': cannot access protected member declared in class 'Articulo'
C:\Users\Luis\Desktop\Facu stefan\Labo de programacion 1\G11-Rach-Taco-TP\Tp2\Model\Articulo.h(48): message : see declaration of 'Articulo::~Articulo'
C:\Users\Luis\Desktop\Facu stefan\Labo de programacion 1\G11-Rach-Taco-TP\Tp2\Model\Articulo.h(16): message : see declaration of 'Articulo'
C:\Users\Luis\Desktop\Facu stefan\Labo de programacion 1\G11-Rach-Taco-TP\Tp2\Model\Clientes.cpp(94,8): warning C4834: discarding return value of function with 'nodiscard' attribute
  Cocina.cpp
C:\Users\Luis\Desktop\Facu stefan\Labo de programacion 1\G11-Rach-Taco-TP\Tp2\Model\Cocina.cpp(17,16): error C2146: syntax error: missing ')' before identifier 'TipoDeProducto'
C:\Users\Luis\Desktop\Facu stefan\Labo de programacion 1\G11-Rach-Taco-TP\Tp2\Model\Cocina.cpp(17,9): error C2512: 'Cocina': no appropriate default constructor available
C:\Users\Luis\Desktop\Facu stefan\Labo de programacion 1\G11-Rach-Taco-TP\Tp2\Model\Cocina.h(12,7): message : see declaration of 'Cocina'
C:\Users\Luis\Desktop\Facu stefan\Labo de programacion 1\G11-Rach-Taco-TP\Tp2\Model\Cocina.cpp(17,16): error C2146: syntax error: missing ';' before identifier 'TipoDeProducto'
C:\Users\Luis\Desktop\Facu stefan\Labo de programacion 1\G11-Rach-Taco-TP\Tp2\Model\Cocina.cpp(17,30): error C4430: missing type specifier - int assumed. Note: C++ does not support default-int
C:\Users\Luis\Desktop\Facu stefan\Labo de programacion 1\G11-Rach-Taco-TP\Tp2\Model\Cocina.cpp(17,32): error C2062: type 'bool' unexpected
C:\Users\Luis\Desktop\Facu stefan\Labo de programacion 1\G11-Rach-Taco-TP\Tp2\Model\Cocina.cpp(17,117): error C2059: syntax error: ')'
C:\Users\Luis\Desktop\Facu stefan\Labo de programacion 1\G11-Rach-Taco-TP\Tp2\Model\Cocina.cpp(17,135): error C2143: syntax error: missing ')' before ','
C:\Users\Luis\Desktop\Facu stefan\Labo de programacion 1\G11-Rach-Taco-TP\Tp2\Model\Cocina.cpp(17,129): error C2512: 'Articulo': no appropriate default constructor available
C:\Users\Luis\Desktop\Facu stefan\Labo de programacion 1\G11-Rach-Taco-TP\Tp2\Model\Articulo.h(16,7): message : see declaration of 'Articulo'
C:\Users\Luis\Desktop\Facu stefan\Labo de programacion 1\G11-Rach-Taco-TP\Tp2\Model\Cocina.cpp(17,137): error C2512: 'Articulo': no appropriate default constructor available
C:\Users\Luis\Desktop\Facu stefan\Labo de programacion 1\G11-Rach-Taco-TP\Tp2\Model\Articulo.h(16,7): message : see declaration of 'Articulo'
C:\Users\Luis\Desktop\Facu stefan\Labo de programacion 1\G11-Rach-Taco-TP\Tp2\Model\Cocina.cpp(17,145): error C2512: 'Articulo': no appropriate default constructor available
C:\Users\Luis\Desktop\Facu stefan\Labo de programacion 1\G11-Rach-Taco-TP\Tp2\Model\Articulo.h(16,7): message : see declaration of 'Articulo'
C:\Users\Luis\Desktop\Facu stefan\Labo de programacion 1\G11-Rach-Taco-TP\Tp2\Model\Cocina.cpp(17,161): error C2371: 'TipoDeProducto': redefinition; different basic types
C:\Users\Luis\Desktop\Facu stefan\Labo de programacion 1\G11-Rach-Taco-TP\Tp2\Model\Cocina.cpp(17): message : see declaration of 'TipoDeProducto'
C:\Users\Luis\Desktop\Facu stefan\Labo de programacion 1\G11-Rach-Taco-TP\Tp2\Model\Cocina.cpp(17,182): error C2059: syntax error: ')'
C:\Users\Luis\Desktop\Facu stefan\Labo de programacion 1\G11-Rach-Taco-TP\Tp2\Model\Cocina.cpp(18,6): error C2355: 'this': can only be referenced inside non-static member functions or non-static data member initializers
C:\Users\Luis\Desktop\Facu stefan\Labo de programacion 1\G11-Rach-Taco-TP\Tp2\Model\Cocina.cpp(18,25): error C2059: syntax error: ';'
C:\Users\Luis\Desktop\Facu stefan\Labo de programacion 1\G11-Rach-Taco-TP\Tp2\Model\Cocina.cpp(19,6): error C2059: syntax error: 'this'
C:\Users\Luis\Desktop\Facu stefan\Labo de programacion 1\G11-Rach-Taco-TP\Tp2\Model\Cocina.cpp(20,6): error C2059: syntax error: 'this'
C:\Users\Luis\Desktop\Facu stefan\Labo de programacion 1\G11-Rach-Taco-TP\Tp2\Model\Cocina.cpp(21,6): error C2059: syntax error: 'this'
C:\Users\Luis\Desktop\Facu stefan\Labo de programacion 1\G11-Rach-Taco-TP\Tp2\Model\Cocina.cpp(23,1): error C2059: syntax error: '}'
C:\Users\Luis\Desktop\Facu stefan\Labo de programacion 1\G11-Rach-Taco-TP\Tp2\Model\Cocina.cpp(23,1): error C2143: syntax error: missing ';' before '}'
C:\Users\Luis\Desktop\Facu stefan\Labo de programacion 1\G11-Rach-Taco-TP\Tp2\Model\Cocina.cpp(28,37): error C2143: syntax error: missing ';' before '{'
C:\Users\Luis\Desktop\Facu stefan\Labo de programacion 1\G11-Rach-Taco-TP\Tp2\Model\Cocina.cpp(28,37): error C2447: '{': missing function header (old-style formal list?)
C:\Users\Luis\Desktop\Facu stefan\Labo de programacion 1\G11-Rach-Taco-TP\Tp2\Model\Cocina.cpp(42,8): error C2872: 'string': ambiguous symbol
C:\Users\Luis\Desktop\Facu stefan\Labo de programacion 1\G11-Rach-Taco-TP\Tp2\Model\Cocina.cpp(17,9): message : could be 'Cocina string'
C:\Program Files\Microsoft Visual Studio\2022\Community\VC\Tools\MSVC\14.31.31103\include\xstring(4927,7): message : or       'std::string'
C:\Users\Luis\Desktop\Facu stefan\Labo de programacion 1\G11-Rach-Taco-TP\Tp2\Model\Cocina.cpp(42,16): error C2143: syntax error: missing ';' before 'Cocina::get_ProductoCocina'
C:\Users\Luis\Desktop\Facu stefan\Labo de programacion 1\G11-Rach-Taco-TP\Tp2\Model\Cocina.cpp(42,34): error C4430: missing type specifier - int assumed. Note: C++ does not support default-int
C:\Users\Luis\Desktop\Facu stefan\Labo de programacion 1\G11-Rach-Taco-TP\Tp2\Model\Cocina.cpp(42,1): error C2371: 'string': redefinition; different basic types
C:\Users\Luis\Desktop\Facu stefan\Labo de programacion 1\G11-Rach-Taco-TP\Tp2\Model\Cocina.cpp(17): message : see declaration of 'string'
C:\Users\Luis\Desktop\Facu stefan\Labo de programacion 1\G11-Rach-Taco-TP\Tp2\Model\Cocina.cpp(42,37): error C4430: missing type specifier - int assumed. Note: C++ does not support default-int
C:\Users\Luis\Desktop\Facu stefan\Labo de programacion 1\G11-Rach-Taco-TP\Tp2\Model\Cocina.cpp(42,37): error C2556: 'int Cocina::get_ProductoCocina(void)': overloaded function differs only by return type from 'std::string Cocina::get_ProductoCocina(void)'
C:\Users\Luis\Desktop\Facu stefan\Labo de programacion 1\G11-Rach-Taco-TP\Tp2\Model\Cocina.h(25): message : see declaration of 'Cocina::get_ProductoCocina'
C:\Users\Luis\Desktop\Facu stefan\Labo de programacion 1\G11-Rach-Taco-TP\Tp2\Model\Cocina.cpp(42,16): error C2371: 'Cocina::get_ProductoCocina': redefinition; different basic types
C:\Users\Luis\Desktop\Facu stefan\Labo de programacion 1\G11-Rach-Taco-TP\Tp2\Model\Cocina.h(25): message : see declaration of 'Cocina::get_ProductoCocina'
  Despachante.cpp
C:\Users\Luis\Desktop\Facu stefan\Labo de programacion 1\G11-Rach-Taco-TP\Tp2\Model\Clientes.h(57,4): error C2143: syntax error: missing ';' before '<'
C:\Users\Luis\Desktop\Facu stefan\Labo de programacion 1\G11-Rach-Taco-TP\Tp2\Model\Clientes.h(57,4): error C4430: missing type specifier - int assumed. Note: C++ does not support default-int
C:\Users\Luis\Desktop\Facu stefan\Labo de programacion 1\G11-Rach-Taco-TP\Tp2\Model\Clientes.h(57,65): error C2238: unexpected token(s) preceding ';'
C:\Users\Luis\Desktop\Facu stefan\Labo de programacion 1\G11-Rach-Taco-TP\Tp2\Model\Empleado.h(37,1): error C2059: syntax error: '}'
C:\Users\Luis\Desktop\Facu stefan\Labo de programacion 1\G11-Rach-Taco-TP\Tp2\Model\Empleado.h(37,1): error C2143: syntax error: missing ';' before '}'
C:\Users\Luis\Desktop\Facu stefan\Labo de programacion 1\G11-Rach-Taco-TP\Tp2\Model\Despachante.h(39,22): error C2059: syntax error: ')'
C:\Users\Luis\Desktop\Facu stefan\Labo de programacion 1\G11-Rach-Taco-TP\Tp2\Model\Despachante.h(39,23): error C2238: unexpected token(s) preceding ';'
C:\Users\Luis\Desktop\Facu stefan\Labo de programacion 1\G11-Rach-Taco-TP\Tp2\Model\Despachante.cpp(21,34): error C2182: 'Clientes': illegal use of type 'void'
C:\Users\Luis\Desktop\Facu stefan\Labo de programacion 1\G11-Rach-Taco-TP\Tp2\Model\Despachante.cpp(21,44): error C2511: 'void Despachante::despachar(int)': overloaded member function not found in 'Despachante'
C:\Users\Luis\Desktop\Facu stefan\Labo de programacion 1\G11-Rach-Taco-TP\Tp2\Model\Despachante.h(12): message : see declaration of 'Despachante'
C:\Users\Luis\Desktop\Facu stefan\Labo de programacion 1\G11-Rach-Taco-TP\Tp2\Model\Despachante.cpp(72,5): error C2561: 'Despachante::get_cantPedidos': function must return a value
C:\Users\Luis\Desktop\Facu stefan\Labo de programacion 1\G11-Rach-Taco-TP\Tp2\Model\Despachante.cpp(71): message : see declaration of 'Despachante::get_cantPedidos'
C:\Users\Luis\Desktop\Facu stefan\Labo de programacion 1\G11-Rach-Taco-TP\Tp2\Model\Despachante.cpp(78,19): error C2039: 'get_direcciones': is not a member of 'Despachante'
C:\Users\Luis\Desktop\Facu stefan\Labo de programacion 1\G11-Rach-Taco-TP\Tp2\Model\Despachante.h(12): message : see declaration of 'Despachante'
C:\Users\Luis\Desktop\Facu stefan\Labo de programacion 1\G11-Rach-Taco-TP\Tp2\Model\Despachante.cpp(78,35): error C2059: syntax error: ')'
C:\Users\Luis\Desktop\Facu stefan\Labo de programacion 1\G11-Rach-Taco-TP\Tp2\Model\Despachante.cpp(78,37): error C2143: syntax error: missing ';' before '{'
C:\Users\Luis\Desktop\Facu stefan\Labo de programacion 1\G11-Rach-Taco-TP\Tp2\Model\Despachante.cpp(78,37): error C2447: '{': missing function header (old-style formal list?)
  Duenyo.cpp
C:\Users\Luis\Desktop\Facu stefan\Labo de programacion 1\G11-Rach-Taco-TP\Tp2\Model\Empleado.h(37,1): error C2059: syntax error: '}'
C:\Users\Luis\Desktop\Facu stefan\Labo de programacion 1\G11-Rach-Taco-TP\Tp2\Model\Empleado.h(37,1): error C2143: syntax error: missing ';' before '}'
C:\Users\Luis\Desktop\Facu stefan\Labo de programacion 1\G11-Rach-Taco-TP\Tp2\Model\Clientes.h(57,4): error C2143: syntax error: missing ';' before '<'
C:\Users\Luis\Desktop\Facu stefan\Labo de programacion 1\G11-Rach-Taco-TP\Tp2\Model\Clientes.h(57,4): error C4430: missing type specifier - int assumed. Note: C++ does not support default-int
C:\Users\Luis\Desktop\Facu stefan\Labo de programacion 1\G11-Rach-Taco-TP\Tp2\Model\Clientes.h(57,65): error C2238: unexpected token(s) preceding ';'
C:\Users\Luis\Desktop\Facu stefan\Labo de programacion 1\G11-Rach-Taco-TP\Tp2\Model\Duenyo.cpp(21,41): error C2248: 'Clientes::~Clientes': cannot access protected member declared in class 'Clientes'
C:\Users\Luis\Desktop\Facu stefan\Labo de programacion 1\G11-Rach-Taco-TP\Tp2\Model\Clientes.h(60): message : see declaration of 'Clientes::~Clientes'
C:\Users\Luis\Desktop\Facu stefan\Labo de programacion 1\G11-Rach-Taco-TP\Tp2\Model\Clientes.h(19): message : see declaration of 'Clientes'
C:\Users\Luis\Desktop\Facu stefan\Labo de programacion 1\G11-Rach-Taco-TP\Tp2\Model\Duenyo.cpp(29,33): error C2248: 'Articulo::~Articulo': cannot access protected member declared in class 'Articulo'
C:\Users\Luis\Desktop\Facu stefan\Labo de programacion 1\G11-Rach-Taco-TP\Tp2\Model\Articulo.h(48): message : see declaration of 'Articulo::~Articulo'
C:\Users\Luis\Desktop\Facu stefan\Labo de programacion 1\G11-Rach-Taco-TP\Tp2\Model\Articulo.h(16): message : see declaration of 'Articulo'
C:\Users\Luis\Desktop\Facu stefan\Labo de programacion 1\G11-Rach-Taco-TP\Tp2\Model\Duenyo.cpp(45,45): error C2248: 'Clientes::~Clientes': cannot access protected member declared in class 'Clientes'
C:\Users\Luis\Desktop\Facu stefan\Labo de programacion 1\G11-Rach-Taco-TP\Tp2\Model\Clientes.h(60): message : see declaration of 'Clientes::~Clientes'
C:\Users\Luis\Desktop\Facu stefan\Labo de programacion 1\G11-Rach-Taco-TP\Tp2\Model\Clientes.h(19): message : see declaration of 'Clientes'
C:\Users\Luis\Desktop\Facu stefan\Labo de programacion 1\G11-Rach-Taco-TP\Tp2\Model\Duenyo.cpp(53,38): error C2248: 'Clientes::~Clientes': cannot access protected member declared in class 'Clientes'
C:\Users\Luis\Desktop\Facu stefan\Labo de programacion 1\G11-Rach-Taco-TP\Tp2\Model\Clientes.h(60): message : see declaration of 'Clientes::~Clientes'
C:\Users\Luis\Desktop\Facu stefan\Labo de programacion 1\G11-Rach-Taco-TP\Tp2\Model\Clientes.h(19): message : see declaration of 'Clientes'
  Electricidad.cpp
C:\Users\Luis\Desktop\Facu stefan\Labo de programacion 1\G11-Rach-Taco-TP\Tp2\Model\Electricidad.cpp(17,22): error C2146: syntax error: missing ')' before identifier 'TipoDeProducto'
C:\Users\Luis\Desktop\Facu stefan\Labo de programacion 1\G11-Rach-Taco-TP\Tp2\Model\Electricidad.cpp(17,15): error C2512: 'Electricidad': no appropriate default constructor available
C:\Users\Luis\Desktop\Facu stefan\Labo de programacion 1\G11-Rach-Taco-TP\Tp2\Model\Electricidad.h(12,7): message : see declaration of 'Electricidad'
C:\Users\Luis\Desktop\Facu stefan\Labo de programacion 1\G11-Rach-Taco-TP\Tp2\Model\Electricidad.cpp(17,22): error C2146: syntax error: missing ';' before identifier 'TipoDeProducto'
C:\Users\Luis\Desktop\Facu stefan\Labo de programacion 1\G11-Rach-Taco-TP\Tp2\Model\Electricidad.cpp(17,36): error C4430: missing type specifier - int assumed. Note: C++ does not support default-int
C:\Users\Luis\Desktop\Facu stefan\Labo de programacion 1\G11-Rach-Taco-TP\Tp2\Model\Electricidad.cpp(17,38): error C2062: type 'bool' unexpected
C:\Users\Luis\Desktop\Facu stefan\Labo de programacion 1\G11-Rach-Taco-TP\Tp2\Model\Electricidad.cpp(17,129): error C2059: syntax error: ')'
C:\Users\Luis\Desktop\Facu stefan\Labo de programacion 1\G11-Rach-Taco-TP\Tp2\Model\Electricidad.cpp(17,147): error C2143: syntax error: missing ')' before ','
C:\Users\Luis\Desktop\Facu stefan\Labo de programacion 1\G11-Rach-Taco-TP\Tp2\Model\Electricidad.cpp(17,141): error C2512: 'Articulo': no appropriate default constructor available
C:\Users\Luis\Desktop\Facu stefan\Labo de programacion 1\G11-Rach-Taco-TP\Tp2\Model\Articulo.h(16,7): message : see declaration of 'Articulo'
C:\Users\Luis\Desktop\Facu stefan\Labo de programacion 1\G11-Rach-Taco-TP\Tp2\Model\Electricidad.cpp(17,149): error C2512: 'Articulo': no appropriate default constructor available
C:\Users\Luis\Desktop\Facu stefan\Labo de programacion 1\G11-Rach-Taco-TP\Tp2\Model\Articulo.h(16,7): message : see declaration of 'Articulo'
C:\Users\Luis\Desktop\Facu stefan\Labo de programacion 1\G11-Rach-Taco-TP\Tp2\Model\Electricidad.cpp(17,157): error C2512: 'Articulo': no appropriate default constructor available
C:\Users\Luis\Desktop\Facu stefan\Labo de programacion 1\G11-Rach-Taco-TP\Tp2\Model\Articulo.h(16,7): message : see declaration of 'Articulo'
C:\Users\Luis\Desktop\Facu stefan\Labo de programacion 1\G11-Rach-Taco-TP\Tp2\Model\Electricidad.cpp(17,173): error C2371: 'TipoDeProducto': redefinition; different basic types
C:\Users\Luis\Desktop\Facu stefan\Labo de programacion 1\G11-Rach-Taco-TP\Tp2\Model\Electricidad.cpp(17): message : see declaration of 'TipoDeProducto'
C:\Users\Luis\Desktop\Facu stefan\Labo de programacion 1\G11-Rach-Taco-TP\Tp2\Model\Electricidad.cpp(17,194): error C2059: syntax error: ')'
C:\Users\Luis\Desktop\Facu stefan\Labo de programacion 1\G11-Rach-Taco-TP\Tp2\Model\Electricidad.cpp(19,6): error C2355: 'this': can only be referenced inside non-static member functions or non-static data member initializers
C:\Users\Luis\Desktop\Facu stefan\Labo de programacion 1\G11-Rach-Taco-TP\Tp2\Model\Electricidad.cpp(19,25): error C2059: syntax error: ';'
C:\Users\Luis\Desktop\Facu stefan\Labo de programacion 1\G11-Rach-Taco-TP\Tp2\Model\Electricidad.cpp(20,6): error C2059: syntax error: 'this'
C:\Users\Luis\Desktop\Facu stefan\Labo de programacion 1\G11-Rach-Taco-TP\Tp2\Model\Electricidad.cpp(21,6): error C2059: syntax error: 'this'
C:\Users\Luis\Desktop\Facu stefan\Labo de programacion 1\G11-Rach-Taco-TP\Tp2\Model\Electricidad.cpp(22,6): error C2059: syntax error: 'this'
C:\Users\Luis\Desktop\Facu stefan\Labo de programacion 1\G11-Rach-Taco-TP\Tp2\Model\Electricidad.cpp(24,1): error C2059: syntax error: '}'
C:\Users\Luis\Desktop\Facu stefan\Labo de programacion 1\G11-Rach-Taco-TP\Tp2\Model\Electricidad.cpp(24,1): error C2143: syntax error: missing ';' before '}'
C:\Users\Luis\Desktop\Facu stefan\Labo de programacion 1\G11-Rach-Taco-TP\Tp2\Model\Electricidad.cpp(29,43): error C2143: syntax error: missing ';' before '{'
C:\Users\Luis\Desktop\Facu stefan\Labo de programacion 1\G11-Rach-Taco-TP\Tp2\Model\Electricidad.cpp(29,43): error C2447: '{': missing function header (old-style formal list?)
C:\Users\Luis\Desktop\Facu stefan\Labo de programacion 1\G11-Rach-Taco-TP\Tp2\Model\Electricidad.cpp(43,8): error C2872: 'string': ambiguous symbol
C:\Users\Luis\Desktop\Facu stefan\Labo de programacion 1\G11-Rach-Taco-TP\Tp2\Model\Electricidad.cpp(17,15): message : could be 'Electricidad string'
C:\Program Files\Microsoft Visual Studio\2022\Community\VC\Tools\MSVC\14.31.31103\include\xstring(4927,7): message : or       'std::string'
C:\Users\Luis\Desktop\Facu stefan\Labo de programacion 1\G11-Rach-Taco-TP\Tp2\Model\Electricidad.cpp(43,22): error C2143: syntax error: missing ';' before 'Electricidad::get_ProductoElectricidad'
C:\Users\Luis\Desktop\Facu stefan\Labo de programacion 1\G11-Rach-Taco-TP\Tp2\Model\Electricidad.cpp(43,46): error C4430: missing type specifier - int assumed. Note: C++ does not support default-int
C:\Users\Luis\Desktop\Facu stefan\Labo de programacion 1\G11-Rach-Taco-TP\Tp2\Model\Electricidad.cpp(43,1): error C2371: 'string': redefinition; different basic types
C:\Users\Luis\Desktop\Facu stefan\Labo de programacion 1\G11-Rach-Taco-TP\Tp2\Model\Electricidad.cpp(17): message : see declaration of 'string'
C:\Users\Luis\Desktop\Facu stefan\Labo de programacion 1\G11-Rach-Taco-TP\Tp2\Model\Electricidad.cpp(43,49): error C4430: missing type specifier - int assumed. Note: C++ does not support default-int
C:\Users\Luis\Desktop\Facu stefan\Labo de programacion 1\G11-Rach-Taco-TP\Tp2\Model\Electricidad.cpp(43,49): error C2556: 'int Electricidad::get_ProductoElectricidad(void)': overloaded function differs only by return type from 'std::string Electricidad::get_ProductoElectricidad(void)'
C:\Users\Luis\Desktop\Facu stefan\Labo de programacion 1\G11-Rach-Taco-TP\Tp2\Model\Electricidad.h(25): message : see declaration of 'Electricidad::get_ProductoElectricidad'
C:\Users\Luis\Desktop\Facu stefan\Labo de programacion 1\G11-Rach-Taco-TP\Tp2\Model\Electricidad.cpp(43,22): error C2371: 'Electricidad::get_ProductoElectricidad': redefinition; different basic types
C:\Users\Luis\Desktop\Facu stefan\Labo de programacion 1\G11-Rach-Taco-TP\Tp2\Model\Electricidad.h(25): message : see declaration of 'Electricidad::get_ProductoElectricidad'
  Empleado.cpp
C:\Users\Luis\Desktop\Facu stefan\Labo de programacion 1\G11-Rach-Taco-TP\Tp2\Model\Clientes.h(57,4): error C2143: syntax error: missing ';' before '<'
C:\Users\Luis\Desktop\Facu stefan\Labo de programacion 1\G11-Rach-Taco-TP\Tp2\Model\Clientes.h(57,4): error C4430: missing type specifier - int assumed. Note: C++ does not support default-int
C:\Users\Luis\Desktop\Facu stefan\Labo de programacion 1\G11-Rach-Taco-TP\Tp2\Model\Clientes.h(57,65): error C2238: unexpected token(s) preceding ';'
C:\Users\Luis\Desktop\Facu stefan\Labo de programacion 1\G11-Rach-Taco-TP\Tp2\Model\Empleado.h(37,1): error C2059: syntax error: '}'
C:\Users\Luis\Desktop\Facu stefan\Labo de programacion 1\G11-Rach-Taco-TP\Tp2\Model\Empleado.h(37,1): error C2143: syntax error: missing ';' before '}'
  Ferreteria.cpp
C:\Users\Luis\Desktop\Facu stefan\Labo de programacion 1\G11-Rach-Taco-TP\Tp2\Model\Ferreteria.cpp(18,41): error C2511: 'Ferreteria::Ferreteria(std::string,bool)': overloaded member function not found in 'Ferreteria'
C:\Users\Luis\Desktop\Facu stefan\Labo de programacion 1\G11-Rach-Taco-TP\Tp2\Model\Ferreteria.h(12): message : see declaration of 'Ferreteria'
  Herramientas.cpp
C:\Users\Luis\Desktop\Facu stefan\Labo de programacion 1\G11-Rach-Taco-TP\Tp2\Model\Herramientas.cpp(19,109): error C2511: 'Herramientas::Herramientas(float,float,const std::string,std::string)': overloaded member function not found in 'Herramientas'
C:\Users\Luis\Desktop\Facu stefan\Labo de programacion 1\G11-Rach-Taco-TP\Tp2\Model\Herramientas.h(12): message : see declaration of 'Herramientas'
  Plomero.cpp
C:\Users\Luis\Desktop\Facu stefan\Labo de programacion 1\G11-Rach-Taco-TP\Tp2\Model\Clientes.h(57,4): error C2143: syntax error: missing ';' before '<'
C:\Users\Luis\Desktop\Facu stefan\Labo de programacion 1\G11-Rach-Taco-TP\Tp2\Model\Clientes.h(57,4): error C4430: missing type specifier - int assumed. Note: C++ does not support default-int
C:\Users\Luis\Desktop\Facu stefan\Labo de programacion 1\G11-Rach-Taco-TP\Tp2\Model\Clientes.h(57,65): error C2238: unexpected token(s) preceding ';'
C:\Users\Luis\Desktop\Facu stefan\Labo de programacion 1\G11-Rach-Taco-TP\Tp2\Model\Empleado.h(37,1): error C2059: syntax error: '}'
C:\Users\Luis\Desktop\Facu stefan\Labo de programacion 1\G11-Rach-Taco-TP\Tp2\Model\Empleado.h(37,1): error C2143: syntax error: missing ';' before '}'
  Generating Code...
