c:\users\rachb\onedrive\escritorio\visual labo\tp2\x64\debug\vc143.pdb
c:\users\rachb\onedrive\escritorio\visual labo\tp2\x64\debug\vc143.idb
c:\users\rachb\onedrive\escritorio\visual labo\tp2\x64\debug\plomero.obj
c:\users\rachb\onedrive\escritorio\visual labo\tp2\x64\debug\herramientas.obj
c:\users\rachb\onedrive\escritorio\visual labo\tp2\x64\debug\ferreteria.obj
c:\users\rachb\onedrive\escritorio\visual labo\tp2\x64\debug\empleado.obj
c:\users\rachb\onedrive\escritorio\visual labo\tp2\x64\debug\electricidad.obj
c:\users\rachb\onedrive\escritorio\visual labo\tp2\x64\debug\duenyo.obj
c:\users\rachb\onedrive\escritorio\visual labo\tp2\x64\debug\despachante.obj
c:\users\rachb\onedrive\escritorio\visual labo\tp2\x64\debug\cocina.obj
c:\users\rachb\onedrive\escritorio\visual labo\tp2\x64\debug\clientes.obj
c:\users\rachb\onedrive\escritorio\visual labo\tp2\x64\debug\cerrajero.obj
c:\users\rachb\onedrive\escritorio\visual labo\tp2\x64\debug\cerrajeria.obj
c:\users\rachb\onedrive\escritorio\visual labo\tp2\x64\debug\bazar.obj
c:\users\rachb\onedrive\escritorio\visual labo\tp2\x64\debug\banyo.obj
c:\users\rachb\onedrive\escritorio\visual labo\tp2\x64\debug\articulo.obj
c:\users\rachb\onedrive\escritorio\visual labo\tp2\x64\debug\artferreteria.obj
c:\users\rachb\onedrive\escritorio\visual labo\tp2\x64\debug\tp2.tlog\cl.command.1.tlog
c:\users\rachb\onedrive\escritorio\visual labo\tp2\x64\debug\tp2.tlog\cl.read.1.tlog
c:\users\rachb\onedrive\escritorio\visual labo\tp2\x64\debug\tp2.tlog\cl.write.1.tlog
